[2019-10-14T08:04:21.134] [INFO] backend-logs - Fetch data from stream1 and publisher address 16XB4j5RVyvyY1oheaP4iLv9gi2yVnQgcy7wYD
[2019-10-14T08:04:21.215] [INFO] backend-logs - Fetch data from stream1 and publisher address 1CAJFj9Q7WDG6vdcZTBG2eFtWahfyzepEpGvJ2
[2019-10-14T08:04:21.421] [INFO] backend-logs - Fetch data from stream1 and publisher address 1a33ZAHJgVMTSQV4WttaCsus7kmzs3a4EgF8Xr
[2019-10-14T08:04:23.407] [INFO] backend-logs - Fetch data from stream1 and publisher address 16XB4j5RVyvyY1oheaP4iLv9gi2yVnQgcy7wYD
[2019-10-14T08:04:26.319] [INFO] backend-logs - Fetch data from stream1 and publisher address 1a33ZAHJgVMTSQV4WttaCsus7kmzs3a4EgF8Xr
[2019-10-14T08:04:31.334] [INFO] backend-logs - Fetch data from stream1 and publisher address 1a33ZAHJgVMTSQV4WttaCsus7kmzs3a4EgF8Xr
[2019-10-14T16:59:34.979] [INFO] backend-logs - Fetch data from stream1 and publisher address 16XB4j5RVyvyY1oheaP4iLv9gi2yVnQgcy7wYD
[2019-10-14T16:59:46.845] [INFO] backend-logs - Fetch data from stream1 and publisher address 16XB4j5RVyvyY1oheaP4iLv9gi2yVnQgcy7wYD
[2019-10-14T17:00:08.305] [INFO] backend-logs - Fetch data from stream1 and publisher address 16XB4j5RVyvyY1oheaP4iLv9gi2yVnQgcy7wYD
[2019-10-14T17:00:08.505] [INFO] backend-logs - Fetch data from stream1 and publisher address 1CAJFj9Q7WDG6vdcZTBG2eFtWahfyzepEpGvJ2
[2019-10-14T17:00:11.000] [INFO] backend-logs - Fetch data from stream1 and publisher address 16XB4j5RVyvyY1oheaP4iLv9gi2yVnQgcy7wYD
[2019-10-14T18:40:00.787] [INFO] backend-logs - Fetch data from stream1 and publisher address 1a33ZAHJgVMTSQV4WttaCsus7kmzs3a4EgF8Xr
[2019-10-14T18:40:19.315] [INFO] backend-logs - Fetch data from stream1 and publisher address 1a33ZAHJgVMTSQV4WttaCsus7kmzs3a4EgF8Xr
[2019-10-14T18:40:23.417] [INFO] backend-logs - Fetch data from stream1 and publisher address 1a33ZAHJgVMTSQV4WttaCsus7kmzs3a4EgF8Xr
[2019-10-14T18:42:55.132] [INFO] backend-logs - Fetch data from stream1 and publisher address 1a33ZAHJgVMTSQV4WttaCsus7kmzs3a4EgF8Xr
[2019-10-14T18:43:15.463] [INFO] backend-logs - Fetch data from stream1 and publisher address 1WiAka9qFWS9v6ZvYRK7VAMB9PXKsBHeEjvApR
[2019-10-14T18:43:16.324] [INFO] backend-logs - Fetch data from stream1 and publisher address 1H6neBDJYweUoUyRjpiBYAcQ1yZdhW5RWgnZuw
[2019-10-14T18:43:19.609] [INFO] backend-logs - Fetch data from stream1 and publisher address 1a33ZAHJgVMTSQV4WttaCsus7kmzs3a4EgF8Xr
[2019-10-14T18:43:24.177] [INFO] backend-logs - Fetch data from stream1 and publisher address 16XB4j5RVyvyY1oheaP4iLv9gi2yVnQgcy7wYD
[2019-10-14T18:43:24.389] [INFO] backend-logs - Fetch data from stream1 and publisher address 1CAJFj9Q7WDG6vdcZTBG2eFtWahfyzepEpGvJ2
[2019-10-14T18:54:32.730] [INFO] backend-logs - Fetch data from stream1 and publisher address 16XB4j5RVyvyY1oheaP4iLv9gi2yVnQgcy7wYD
[2019-10-14T18:54:32.776] [INFO] backend-logs - Fetch data from stream1 and publisher address 1CAJFj9Q7WDG6vdcZTBG2eFtWahfyzepEpGvJ2
[2019-10-14T18:54:41.616] [INFO] backend-logs - Fetch data from stream1 and publisher address 1H6neBDJYweUoUyRjpiBYAcQ1yZdhW5RWgnZuw
[2019-10-14T18:54:43.381] [INFO] backend-logs - Fetch data from stream1 and publisher address 1a33ZAHJgVMTSQV4WttaCsus7kmzs3a4EgF8Xr
[2019-10-14T18:54:50.280] [INFO] backend-logs - Fetch data from stream1 and publisher address 1CAJFj9Q7WDG6vdcZTBG2eFtWahfyzepEpGvJ2
[2019-10-14T18:54:50.321] [INFO] backend-logs - Fetch data from stream1 and publisher address 16XB4j5RVyvyY1oheaP4iLv9gi2yVnQgcy7wYD
[2019-10-14T18:54:51.717] [INFO] backend-logs - Fetch data from stream1 and publisher address 1H6neBDJYweUoUyRjpiBYAcQ1yZdhW5RWgnZuw
[2019-10-14T18:55:13.415] [INFO] backend-logs - Fetch data from stream1 and publisher address 16XB4j5RVyvyY1oheaP4iLv9gi2yVnQgcy7wYD
[2019-10-14T18:55:13.434] [INFO] backend-logs - Fetch data from stream1 and publisher address 1CAJFj9Q7WDG6vdcZTBG2eFtWahfyzepEpGvJ2
[2019-10-14T18:55:14.647] [INFO] backend-logs - Fetch data from stream1 and publisher address 1a33ZAHJgVMTSQV4WttaCsus7kmzs3a4EgF8Xr
[2019-10-14T18:55:16.024] [INFO] backend-logs - Fetch data from stream1 and publisher address 1H6neBDJYweUoUyRjpiBYAcQ1yZdhW5RWgnZuw
[2019-10-14T18:55:26.242] [INFO] backend-logs - Fetch data from stream1 and publisher address 1CAJFj9Q7WDG6vdcZTBG2eFtWahfyzepEpGvJ2
[2019-10-14T18:55:26.282] [INFO] backend-logs - Fetch data from stream1 and publisher address 16XB4j5RVyvyY1oheaP4iLv9gi2yVnQgcy7wYD
[2019-10-14T18:55:26.899] [INFO] backend-logs - Fetch data from stream1 and publisher address 1H6neBDJYweUoUyRjpiBYAcQ1yZdhW5RWgnZuw
[2019-10-14T18:55:37.526] [INFO] backend-logs - Fetch data from stream1 and publisher address 1a33ZAHJgVMTSQV4WttaCsus7kmzs3a4EgF8Xr
[2019-10-14T18:55:39.206] [INFO] backend-logs - Fetch data from stream1 and publisher address 1H6neBDJYweUoUyRjpiBYAcQ1yZdhW5RWgnZuw
[2019-10-14T18:57:02.770] [INFO] backend-logs - Fetch data from stream1 and publisher address 1a33ZAHJgVMTSQV4WttaCsus7kmzs3a4EgF8Xr
[2019-10-14T18:57:07.524] [INFO] backend-logs - Fetch data from stream1 and publisher address 1a33ZAHJgVMTSQV4WttaCsus7kmzs3a4EgF8Xr
[2019-10-14T18:57:08.015] [INFO] backend-logs - Fetch data from stream1 and publisher address 16XB4j5RVyvyY1oheaP4iLv9gi2yVnQgcy7wYD
[2019-10-14T18:57:08.301] [INFO] backend-logs - Fetch data from stream1 and publisher address 1CAJFj9Q7WDG6vdcZTBG2eFtWahfyzepEpGvJ2
[2019-10-14T19:06:02.788] [INFO] backend-logs - Fetch data from userstream for the key inventory-007
