[2020-05-23T15:49:30.883] [INFO] backend-logs - Fetch data from bb_stream for the key bold@gmail.com
[2020-05-23T15:49:30.890] [INFO] backend-logs - Fetch data from bb_stream for the key india@gmail.com
[2020-05-23T15:49:30.903] [INFO] backend-logs - Fetch data from bb_stream for the key hsk@gmail.com
[2020-05-23T20:38:12.887] [INFO] backend-logs - Fetch data from bb_stream for the key to login baby@gmail.com
[2020-05-23T20:38:12.887] [INFO] backend-logs - Fetch data from bb_stream for the txid to login 6e25d7e9f8eea4237374e9d4d760fc9646a98defddc8262cb23420d2b06d1449
[2020-05-23T20:38:13.492] [INFO] backend-logs - Fetch data from bb_stream for the key baby@gmail.com
[2020-05-23T20:38:14.765] [INFO] backend-logs - Fetch data from bb_stream for the key baby@gmail.com
[2020-05-23T20:58:12.431] [INFO] backend-logs - Fetch data from bb_stream for the key to login thri@gmail.com
[2020-05-23T20:58:20.162] [INFO] backend-logs - Fetch data from bb_stream for the key thri@gmail.com
[2020-05-23T20:58:32.218] [INFO] backend-logs - Fetch data from bb_stream for the key to login thri@gmail.com
[2020-05-23T21:20:31.517] [INFO] backend-logs - Fetch data from bb_stream for the key thri@gmail.com
[2020-05-23T21:30:16.862] [INFO] backend-logs - Fetch data from bb_stream for the key thri@gmail.com
[2020-05-23T21:32:09.653] [INFO] backend-logs - Fetch data from bb_stream for the key sdf@gmail.com
[2020-05-23T21:32:10.101] [INFO] backend-logs - Fetch data from bb_stream for the key tt1@gmail.com
[2020-05-23T21:32:10.690] [INFO] backend-logs - Fetch data from bb_stream for the key as@gmail.com
[2020-05-23T21:32:11.118] [INFO] backend-logs - Fetch data from bb_stream for the key om@gmail.com
[2020-05-23T21:32:11.547] [INFO] backend-logs - Fetch data from bb_stream for the key qw@gmail.com
[2020-05-23T21:32:12.294] [INFO] backend-logs - Fetch data from bb_stream for the key he@gmail.com
[2020-05-23T21:32:13.319] [INFO] backend-logs - Fetch data from bb_stream for the key kl@gmail.com
[2020-05-23T21:32:14.341] [INFO] backend-logs - Fetch data from bb_stream for the key helli@gmail.com
[2020-05-23T21:32:15.365] [INFO] backend-logs - Fetch data from bb_stream for the key key1
[2020-05-23T21:32:19.127] [INFO] backend-logs - Fetch data from bb_stream for the key satheesh@statwig.com
[2020-05-23T21:32:19.695] [INFO] backend-logs - Fetch data from bb_stream for the key satheesh1@statwig.com
[2020-05-23T21:32:20.142] [INFO] backend-logs - Fetch data from bb_stream for the key tt2@gmail.com
[2020-05-23T21:32:20.694] [INFO] backend-logs - Fetch data from bb_stream for the key help@gmail.com
[2020-05-23T21:32:21.350] [INFO] backend-logs - Fetch data from bb_stream for the key help2@gmail.com
[2020-05-23T21:32:22.017] [INFO] backend-logs - Fetch data from bb_stream for the key help3@gmail.com
[2020-05-23T21:32:22.713] [INFO] backend-logs - Fetch data from bb_stream for the key hema@statwig.com
[2020-05-23T21:32:23.966] [INFO] backend-logs - Fetch data from bb_stream for the key help4@gmail.com
[2020-05-23T21:32:24.880] [INFO] backend-logs - Fetch data from bb_stream for the key holla@gmail.com
[2020-05-23T21:32:25.930] [INFO] backend-logs - Fetch data from bb_stream for the key holla1@gmail.com
[2020-05-23T21:32:26.930] [INFO] backend-logs - Fetch data from bb_stream for the key hell@gmail.com
[2020-05-23T21:32:27.601] [INFO] backend-logs - Fetch data from bb_stream for the key stat@gmail.com
[2020-05-23T21:32:28.483] [INFO] backend-logs - Fetch data from bb_stream for the key hellostatwig@gmail.com
[2020-05-23T21:32:28.902] [INFO] backend-logs - Fetch data from bb_stream for the key bhavya@gmail.com
[2020-05-23T21:32:29.560] [INFO] backend-logs - Fetch data from bb_stream for the key test@gmail.com
[2020-05-23T21:32:30.894] [INFO] backend-logs - Fetch data from bb_stream for the key mansi@gmail.com
[2020-05-23T21:32:31.931] [INFO] backend-logs - Fetch data from bb_stream for the key ketkijain20@gmail.com
[2020-05-23T21:32:32.459] [INFO] backend-logs - Fetch data from bb_stream for the key baby@gmail.com
[2020-05-23T21:32:33.505] [INFO] backend-logs - Fetch data from bb_stream for the key bharat@gmail.com
[2020-05-23T21:32:34.705] [INFO] backend-logs - Fetch data from bb_stream for the key thri@gmail.com
[2020-05-23T21:32:35.728] [INFO] backend-logs - Fetch data from bb_stream for the key baby1@gmail.com
[2020-05-23T21:32:36.513] [INFO] backend-logs - Fetch data from bb_stream for the key bha@gmail.com
[2020-05-23T21:32:36.962] [INFO] backend-logs - Fetch data from bb_stream for the key ship@gmail.com
[2020-05-23T21:32:37.789] [INFO] backend-logs - Fetch data from bb_stream for the key chase@gmail.com
[2020-05-23T21:32:38.214] [INFO] backend-logs - Fetch data from bb_stream for the key bold@gmail.com
[2020-05-23T21:32:38.657] [INFO] backend-logs - Fetch data from bb_stream for the key india@gmail.com
[2020-05-23T21:32:43.168] [INFO] backend-logs - Fetch data from bb_stream for the key thri@gmail.com
[2020-05-23T21:34:24.859] [INFO] backend-logs - Fetch data from bb_stream for the key thri@gmail.com
[2020-05-23T21:45:39.130] [INFO] backend-logs - Fetch data from bb_stream for the key thri@gmail.com
[2020-05-23T21:47:24.180] [INFO] backend-logs - Fetch data from bb_stream for the key sdf@gmail.com
[2020-05-23T21:47:24.184] [INFO] backend-logs - Fetch data from bb_stream for the key tt1@gmail.com
[2020-05-23T21:47:24.189] [INFO] backend-logs - Fetch data from bb_stream for the key as@gmail.com
[2020-05-23T21:47:24.193] [INFO] backend-logs - Fetch data from bb_stream for the key om@gmail.com
[2020-05-23T21:47:24.198] [INFO] backend-logs - Fetch data from bb_stream for the key qw@gmail.com
[2020-05-23T21:47:24.202] [INFO] backend-logs - Fetch data from bb_stream for the key he@gmail.com
[2020-05-23T21:47:24.209] [INFO] backend-logs - Fetch data from bb_stream for the key kl@gmail.com
[2020-05-23T21:47:24.215] [INFO] backend-logs - Fetch data from bb_stream for the key helli@gmail.com
[2020-05-23T21:47:24.219] [INFO] backend-logs - Fetch data from bb_stream for the key key1
[2020-05-23T21:47:24.223] [INFO] backend-logs - Fetch data from bb_stream for the key satheesh@statwig.com
[2020-05-23T21:47:24.226] [INFO] backend-logs - Fetch data from bb_stream for the key satheesh1@statwig.com
[2020-05-23T21:47:24.229] [INFO] backend-logs - Fetch data from bb_stream for the key tt2@gmail.com
[2020-05-23T21:47:24.235] [INFO] backend-logs - Fetch data from bb_stream for the key help@gmail.com
[2020-05-23T21:47:24.241] [INFO] backend-logs - Fetch data from bb_stream for the key help2@gmail.com
[2020-05-23T21:47:24.250] [INFO] backend-logs - Fetch data from bb_stream for the key help3@gmail.com
[2020-05-23T21:47:24.258] [INFO] backend-logs - Fetch data from bb_stream for the key hema@statwig.com
[2020-05-23T21:47:24.272] [INFO] backend-logs - Fetch data from bb_stream for the key help4@gmail.com
[2020-05-23T21:47:24.277] [INFO] backend-logs - Fetch data from bb_stream for the key holla@gmail.com
[2020-05-23T21:47:24.283] [INFO] backend-logs - Fetch data from bb_stream for the key holla1@gmail.com
[2020-05-23T21:47:24.291] [INFO] backend-logs - Fetch data from bb_stream for the key hell@gmail.com
[2020-05-23T21:47:24.296] [INFO] backend-logs - Fetch data from bb_stream for the key stat@gmail.com
[2020-05-23T21:47:24.300] [INFO] backend-logs - Fetch data from bb_stream for the key hellostatwig@gmail.com
[2020-05-23T21:47:24.304] [INFO] backend-logs - Fetch data from bb_stream for the key bhavya@gmail.com
[2020-05-23T21:47:24.310] [INFO] backend-logs - Fetch data from bb_stream for the key test@gmail.com
[2020-05-23T21:47:24.315] [INFO] backend-logs - Fetch data from bb_stream for the key mansi@gmail.com
[2020-05-23T21:47:24.320] [INFO] backend-logs - Fetch data from bb_stream for the key ketkijain20@gmail.com
[2020-05-23T21:47:24.332] [INFO] backend-logs - Fetch data from bb_stream for the key baby@gmail.com
[2020-05-23T21:47:24.338] [INFO] backend-logs - Fetch data from bb_stream for the key bharat@gmail.com
[2020-05-23T21:47:24.343] [INFO] backend-logs - Fetch data from bb_stream for the key thri@gmail.com
[2020-05-23T21:47:24.350] [INFO] backend-logs - Fetch data from bb_stream for the key baby1@gmail.com
[2020-05-23T21:47:24.354] [INFO] backend-logs - Fetch data from bb_stream for the key bha@gmail.com
[2020-05-23T21:47:24.364] [INFO] backend-logs - Fetch data from bb_stream for the key ship@gmail.com
[2020-05-23T21:47:24.369] [INFO] backend-logs - Fetch data from bb_stream for the key chase@gmail.com
[2020-05-23T21:47:24.374] [INFO] backend-logs - Fetch data from bb_stream for the key bold@gmail.com
[2020-05-23T21:47:24.388] [INFO] backend-logs - Fetch data from bb_stream for the key india@gmail.com
[2020-05-23T21:47:24.393] [INFO] backend-logs - Fetch data from bb_stream for the key hsk@gmail.com
[2020-05-23T21:47:44.259] [INFO] backend-logs - Fetch data from bb_stream for the key thri@gmail.com
[2020-05-24T05:50:59.849] [INFO] backend-logs - Fetch data from bb_stream for the key baby@gmail.com
[2020-05-24T05:51:00.759] [INFO] backend-logs - Fetch data from bb_stream for the key baby@gmail.com
[2020-05-24T09:47:23.954] [INFO] backend-logs - Fetch data from bb_stream for the key sdf@gmail.com
[2020-05-24T09:47:23.957] [INFO] backend-logs - Fetch data from bb_stream for the key tt1@gmail.com
[2020-05-24T09:47:23.961] [INFO] backend-logs - Fetch data from bb_stream for the key as@gmail.com
[2020-05-24T09:47:23.970] [INFO] backend-logs - Fetch data from bb_stream for the key om@gmail.com
[2020-05-24T09:47:23.974] [INFO] backend-logs - Fetch data from bb_stream for the key qw@gmail.com
[2020-05-24T09:47:23.979] [INFO] backend-logs - Fetch data from bb_stream for the key he@gmail.com
[2020-05-24T09:47:23.987] [INFO] backend-logs - Fetch data from bb_stream for the key kl@gmail.com
[2020-05-24T09:47:23.993] [INFO] backend-logs - Fetch data from bb_stream for the key helli@gmail.com
[2020-05-24T09:47:23.998] [INFO] backend-logs - Fetch data from bb_stream for the key key1
[2020-05-24T09:47:24.003] [INFO] backend-logs - Fetch data from bb_stream for the key satheesh@statwig.com
[2020-05-24T09:47:24.007] [INFO] backend-logs - Fetch data from bb_stream for the key satheesh1@statwig.com
[2020-05-24T09:47:24.011] [INFO] backend-logs - Fetch data from bb_stream for the key tt2@gmail.com
[2020-05-24T09:47:24.017] [INFO] backend-logs - Fetch data from bb_stream for the key help@gmail.com
[2020-05-24T09:47:24.024] [INFO] backend-logs - Fetch data from bb_stream for the key help2@gmail.com
[2020-05-24T09:47:24.030] [INFO] backend-logs - Fetch data from bb_stream for the key help3@gmail.com
[2020-05-24T09:47:24.040] [INFO] backend-logs - Fetch data from bb_stream for the key hema@statwig.com
[2020-05-24T09:47:24.048] [INFO] backend-logs - Fetch data from bb_stream for the key help4@gmail.com
[2020-05-24T09:47:24.054] [INFO] backend-logs - Fetch data from bb_stream for the key holla@gmail.com
[2020-05-24T09:47:24.060] [INFO] backend-logs - Fetch data from bb_stream for the key holla1@gmail.com
[2020-05-24T09:47:24.068] [INFO] backend-logs - Fetch data from bb_stream for the key hell@gmail.com
[2020-05-24T09:47:24.073] [INFO] backend-logs - Fetch data from bb_stream for the key stat@gmail.com
[2020-05-24T09:47:24.077] [INFO] backend-logs - Fetch data from bb_stream for the key hellostatwig@gmail.com
[2020-05-24T09:47:24.084] [INFO] backend-logs - Fetch data from bb_stream for the key bhavya@gmail.com
[2020-05-24T09:47:24.089] [INFO] backend-logs - Fetch data from bb_stream for the key test@gmail.com
[2020-05-24T09:47:24.095] [INFO] backend-logs - Fetch data from bb_stream for the key mansi@gmail.com
[2020-05-24T09:47:24.107] [INFO] backend-logs - Fetch data from bb_stream for the key ketkijain20@gmail.com
[2020-05-24T09:47:24.114] [INFO] backend-logs - Fetch data from bb_stream for the key baby@gmail.com
[2020-05-24T09:47:24.121] [INFO] backend-logs - Fetch data from bb_stream for the key bharat@gmail.com
[2020-05-24T09:47:24.136] [INFO] backend-logs - Fetch data from bb_stream for the key thri@gmail.com
[2020-05-24T09:47:24.141] [INFO] backend-logs - Fetch data from bb_stream for the key baby1@gmail.com
[2020-05-24T09:47:24.150] [INFO] backend-logs - Fetch data from bb_stream for the key bha@gmail.com
[2020-05-24T09:47:24.155] [INFO] backend-logs - Fetch data from bb_stream for the key ship@gmail.com
[2020-05-24T09:47:24.160] [INFO] backend-logs - Fetch data from bb_stream for the key chase@gmail.com
[2020-05-24T09:47:24.165] [INFO] backend-logs - Fetch data from bb_stream for the key bold@gmail.com
[2020-05-24T09:47:24.172] [INFO] backend-logs - Fetch data from bb_stream for the key india@gmail.com
[2020-05-24T09:47:24.178] [INFO] backend-logs - Fetch data from bb_stream for the key hsk@gmail.com
